<?xml version="1.0" encoding="UTF-8" ?>
<testsuite tests="36" failures="0" name="cucumberTest.TestRunner" time="0.047" errors="0" skipped="30">
  <properties>
[...]
</properties>
  <testcase classname="Scenario: Login with a valid credential" name="Given User open &quot;http://live.guru99.com/index.php/customer/account/login/&quot; page using &quot;firefox&quot;" time="0.003">
    <skipped/>
  </testcase>
  <testcase classname="Scenario: Login with a valid credential" name="And User stay at &quot;http://live.guru99.com/index.php/customer/account/login/&quot; page" time="0.004">
    <skipped/>
  </testcase>
  <testcase classname="Scenario: Login with a valid credential" name="When User login with email &quot;demoautotest@gmail.com&quot; and password &quot;demopassword&quot;" time="0.004">
    <skipped/>
  </testcase>
  <testcase classname="Scenario: Login with a valid credential" name="Then User is redirected to &quot;http://live.guru99.com/index.php/customer/account/index/&quot; page" time="0.004">
    <skipped/>
  </testcase>
  <testcase classname="Scenario: Login with a valid credential" name="Scenario: Login with a valid credential" time="0.004">
    <skipped/>
  </testcase>
  <testcase classname="Scenario: Login with a valid credential" name="Scenario: Login with a valid credential" time="0.004"/>
  <testcase classname="| aninvalidemail@abc.com | aninvalidpassword |" name="Given User open &quot;http://live.guru99.com/index.php/customer/account/login/&quot; page using &quot;firefox&quot;" time="0">
    <skipped/>
  </testcase>
  <testcase classname="| aninvalidemail@abc.com | aninvalidpassword |" name="And User stay at &quot;http://live.guru99.com/index.php/customer/account/login/&quot; page" time="0">
    <skipped/>
  </testcase>
  <testcase classname="| aninvalidemail@abc.com | aninvalidpassword |" name="When User login with email &quot;aninvalidemail@abc.com&quot; and password &quot;aninvalidpassword&quot;" time="0">
    <skipped/>
  </testcase>
  <testcase classname="| aninvalidemail@abc.com | aninvalidpassword |" name="Then User receives error message &quot;Invalid login or password.&quot;" time="0">
    <skipped/>
  </testcase>
  <testcase classname="| aninvalidemail@abc.com | aninvalidpassword |" name="| aninvalidemail@abc.com | aninvalidpassword |" time="0">
    <skipped/>
  </testcase>
  <testcase classname="| aninvalidemail@abc.com | aninvalidpassword |" name="| aninvalidemail@abc.com | aninvalidpassword |" time="0.001"/>
  <testcase classname="| demoautotest@gmail.com | aninvalidpassword |" name="Given User open &quot;http://live.guru99.com/index.php/customer/account/login/&quot; page using &quot;firefox&quot;" time="0">
    <skipped/>
  </testcase>
  <testcase classname="| demoautotest@gmail.com | aninvalidpassword |" name="And User stay at &quot;http://live.guru99.com/index.php/customer/account/login/&quot; page" time="0">
    <skipped/>
  </testcase>
  <testcase classname="| demoautotest@gmail.com | aninvalidpassword |" name="When User login with email &quot;demoautotest@gmail.com&quot; and password &quot;aninvalidpassword&quot;" time="0">
    <skipped/>
  </testcase>
  <testcase classname="| demoautotest@gmail.com | aninvalidpassword |" name="Then User receives error message &quot;Invalid login or password.&quot;" time="0">
    <skipped/>
  </testcase>
  <testcase classname="| demoautotest@gmail.com | aninvalidpassword |" name="| demoautotest@gmail.com | aninvalidpassword |" time="0">
    <skipped/>
  </testcase>
  <testcase classname="| demoautotest@gmail.com | aninvalidpassword |" name="| demoautotest@gmail.com | aninvalidpassword |" time="0"/>
  <testcase classname="| aninvalidemail@abc.com | demopassword |" name="Given User open &quot;http://live.guru99.com/index.php/customer/account/login/&quot; page using &quot;firefox&quot;" time="0.002">
    <skipped/>
  </testcase>
  <testcase classname="| aninvalidemail@abc.com | demopassword |" name="And User stay at &quot;http://live.guru99.com/index.php/customer/account/login/&quot; page" time="0.003">
    <skipped/>
  </testcase>
  <testcase classname="| aninvalidemail@abc.com | demopassword |" name="When User login with email &quot;aninvalidemail@abc.com&quot; and password &quot;demopassword&quot;" time="0.004">
    <skipped/>
  </testcase>
  <testcase classname="| aninvalidemail@abc.com | demopassword |" name="Then User receives error message &quot;Invalid login or password.&quot;" time="0.004">
    <skipped/>
  </testcase>
  <testcase classname="| aninvalidemail@abc.com | demopassword |" name="| aninvalidemail@abc.com | demopassword |" time="0.004">
    <skipped/>
  </testcase>
  <testcase classname="| aninvalidemail@abc.com | demopassword |" name="| aninvalidemail@abc.com | demopassword |" time="0.004"/>
  <testcase classname="Scenario: Login with empty email" name="Given User open &quot;http://live.guru99.com/index.php/customer/account/login/&quot; page using &quot;firefox&quot;" time="0">
    <skipped/>
  </testcase>
  <testcase classname="Scenario: Login with empty email" name="And User stay at &quot;http://live.guru99.com/index.php/customer/account/login/&quot; page" time="0">
    <skipped/>
  </testcase>
  <testcase classname="Scenario: Login with empty email" name="When User login with email &quot;&quot; and password &quot;demopassword&quot;" time="0">
    <skipped/>
  </testcase>
  <testcase classname="Scenario: Login with empty email" name="Then User receives error message &quot;This is a required field.&quot;" time="0">
    <skipped/>
  </testcase>
  <testcase classname="Scenario: Login with empty email" name="Scenario: Login with empty email" time="0">
    <skipped/>
  </testcase>
  <testcase classname="Scenario: Login with empty email" name="Scenario: Login with empty email" time="0"/>
  <testcase classname="Scenario: Login with empty password" name="Given User open &quot;http://live.guru99.com/index.php/customer/account/login/&quot; page using &quot;firefox&quot;" time="0">
    <skipped/>
  </testcase>
  <testcase classname="Scenario: Login with empty password" name="And User stay at &quot;http://live.guru99.com/index.php/customer/account/login/&quot; page" time="0">
    <skipped/>
  </testcase>
  <testcase classname="Scenario: Login with empty password" name="When User login with email &quot;demoautotest@gmail.com&quot; and password &quot;&quot;" time="0">
    <skipped/>
  </testcase>
  <testcase classname="Scenario: Login with empty password" name="Then User receives error message &quot;This is a required field.&quot;" time="0">
    <skipped/>
  </testcase>
  <testcase classname="Scenario: Login with empty password" name="Scenario: Login with empty password" time="0.001">
    <skipped/>
  </testcase>
  <testcase classname="Scenario: Login with empty password" name="Scenario: Login with empty password" time="0.001"/>
</testsuite>